<?xml version="1.0" encoding="UTF-8"?>
<!-- Generated by org.testng.reporters.JUnitReportReporter -->
<testsuite skipped="0" hostname="L-PB2KH29" name="com.sp.qa.testcases.ArrayTest" tests="176" failures="0" timestamp="20 Feb 2018 21:26:49 GMT" time="0.265" errors="0">
  <testcase name="ShowExceldata" time="0.000" classname="com.sp.qa.testcases.ArrayTest"/>
  <testcase name="ShowExceldata" time="0.016" classname="com.sp.qa.testcases.ArrayTest"/>
  <testcase name="ShowExceldata" time="0.000" classname="com.sp.qa.testcases.ArrayTest"/>
  <testcase name="ShowExceldata" time="0.015" classname="com.sp.qa.testcases.ArrayTest"/>
  <testcase name="ShowExceldata" time="0.000" classname="com.sp.qa.testcases.ArrayTest"/>
  <testcase name="ShowExceldata" time="0.000" classname="com.sp.qa.testcases.ArrayTest"/>
  <testcase name="ShowExceldata" time="0.000" classname="com.sp.qa.testcases.ArrayTest"/>
  <testcase name="ShowExceldata" time="0.000" classname="com.sp.qa.testcases.ArrayTest"/>
  <testcase name="ShowExceldata" time="0.000" classname="com.sp.qa.testcases.ArrayTest"/>
  <testcase name="ShowExceldata" time="0.000" classname="com.sp.qa.testcases.ArrayTest"/>
  <testcase name="ShowExceldata" time="0.016" classname="com.sp.qa.testcases.ArrayTest"/>
  <testcase name="ShowExceldata" time="0.000" classname="com.sp.qa.testcases.ArrayTest"/>
  <testcase name="ShowExceldata" time="0.000" classname="com.sp.qa.testcases.ArrayTest"/>
  <testcase name="ShowExceldata" time="0.000" classname="com.sp.qa.testcases.ArrayTest"/>
  <testcase name="ShowExceldata" time="0.000" classname="com.sp.qa.testcases.ArrayTest"/>
  <testcase name="ShowExceldata" time="0.000" classname="com.sp.qa.testcases.ArrayTest"/>
  <testcase name="ShowExceldata" time="0.000" classname="com.sp.qa.testcases.ArrayTest"/>
  <testcase name="ShowExceldata" time="0.000" classname="com.sp.qa.testcases.ArrayTest"/>
  <testcase name="ShowExceldata" time="0.000" classname="com.sp.qa.testcases.ArrayTest"/>
  <testcase name="ShowExceldata" time="0.000" classname="com.sp.qa.testcases.ArrayTest"/>
  <testcase name="ShowExceldata" time="0.000" classname="com.sp.qa.testcases.ArrayTest"/>
  <testcase name="ShowExceldata" time="0.000" classname="com.sp.qa.testcases.ArrayTest"/>
  <testcase name="ShowExceldata" time="0.000" classname="com.sp.qa.testcases.ArrayTest"/>
  <testcase name="ShowExceldata" time="0.000" classname="com.sp.qa.testcases.ArrayTest"/>
  <testcase name="ShowExceldata" time="0.000" classname="com.sp.qa.testcases.ArrayTest"/>
  <testcase name="ShowExceldata" time="0.000" classname="com.sp.qa.testcases.ArrayTest"/>
  <testcase name="ShowExceldata" time="0.000" classname="com.sp.qa.testcases.ArrayTest"/>
  <testcase name="ShowExceldata" time="0.000" classname="com.sp.qa.testcases.ArrayTest"/>
  <testcase name="ShowExceldata" time="0.016" classname="com.sp.qa.testcases.ArrayTest"/>
  <testcase name="ShowExceldata" time="0.000" classname="com.sp.qa.testcases.ArrayTest"/>
  <testcase name="ShowExceldata" time="0.000" classname="com.sp.qa.testcases.ArrayTest"/>
  <testcase name="ShowExceldata" time="0.000" classname="com.sp.qa.testcases.ArrayTest"/>
  <testcase name="ShowExceldata" time="0.000" classname="com.sp.qa.testcases.ArrayTest"/>
  <testcase name="ShowExceldata" time="0.000" classname="com.sp.qa.testcases.ArrayTest"/>
  <testcase name="ShowExceldata" time="0.000" classname="com.sp.qa.testcases.ArrayTest"/>
  <testcase name="ShowExceldata" time="0.000" classname="com.sp.qa.testcases.ArrayTest"/>
  <testcase name="ShowExceldata" time="0.000" classname="com.sp.qa.testcases.ArrayTest"/>
  <testcase name="ShowExceldata" time="0.016" classname="com.sp.qa.testcases.ArrayTest"/>
  <testcase name="ShowExceldata" time="0.000" classname="com.sp.qa.testcases.ArrayTest"/>
  <testcase name="ShowExceldata" time="0.000" classname="com.sp.qa.testcases.ArrayTest"/>
  <testcase name="ShowExceldata" time="0.000" classname="com.sp.qa.testcases.ArrayTest"/>
  <testcase name="ShowExceldata" time="0.000" classname="com.sp.qa.testcases.ArrayTest"/>
  <testcase name="ShowExceldata" time="0.000" classname="com.sp.qa.testcases.ArrayTest"/>
  <testcase name="ShowExceldata" time="0.000" classname="com.sp.qa.testcases.ArrayTest"/>
  <testcase name="ShowExceldata" time="0.000" classname="com.sp.qa.testcases.ArrayTest"/>
  <testcase name="ShowExceldata" time="0.000" classname="com.sp.qa.testcases.ArrayTest"/>
  <testcase name="ShowExceldata" time="0.000" classname="com.sp.qa.testcases.ArrayTest"/>
  <testcase name="ShowExceldata" time="0.000" classname="com.sp.qa.testcases.ArrayTest"/>
  <testcase name="ShowExceldata" time="0.000" classname="com.sp.qa.testcases.ArrayTest"/>
  <testcase name="ShowExceldata" time="0.000" classname="com.sp.qa.testcases.ArrayTest"/>
  <testcase name="ShowExceldata" time="0.000" classname="com.sp.qa.testcases.ArrayTest"/>
  <testcase name="ShowExceldata" time="0.000" classname="com.sp.qa.testcases.ArrayTest"/>
  <testcase name="ShowExceldata" time="0.000" classname="com.sp.qa.testcases.ArrayTest"/>
  <testcase name="ShowExceldata" time="0.000" classname="com.sp.qa.testcases.ArrayTest"/>
  <testcase name="ShowExceldata" time="0.000" classname="com.sp.qa.testcases.ArrayTest"/>
  <testcase name="ShowExceldata" time="0.000" classname="com.sp.qa.testcases.ArrayTest"/>
  <testcase name="ShowExceldata" time="0.000" classname="com.sp.qa.testcases.ArrayTest"/>
  <testcase name="ShowExceldata" time="0.000" classname="com.sp.qa.testcases.ArrayTest"/>
  <testcase name="ShowExceldata" time="0.000" classname="com.sp.qa.testcases.ArrayTest"/>
  <testcase name="ShowExceldata" time="0.000" classname="com.sp.qa.testcases.ArrayTest"/>
  <testcase name="ShowExceldata" time="0.000" classname="com.sp.qa.testcases.ArrayTest"/>
  <testcase name="ShowExceldata" time="0.000" classname="com.sp.qa.testcases.ArrayTest"/>
  <testcase name="ShowExceldata" time="0.000" classname="com.sp.qa.testcases.ArrayTest"/>
  <testcase name="ShowExceldata" time="0.000" classname="com.sp.qa.testcases.ArrayTest"/>
  <testcase name="ShowExceldata" time="0.000" classname="com.sp.qa.testcases.ArrayTest"/>
  <testcase name="ShowExceldata" time="0.000" classname="com.sp.qa.testcases.ArrayTest"/>
  <testcase name="ShowExceldata" time="0.000" classname="com.sp.qa.testcases.ArrayTest"/>
  <testcase name="ShowExceldata" time="0.000" classname="com.sp.qa.testcases.ArrayTest"/>
  <testcase name="ShowExceldata" time="0.000" classname="com.sp.qa.testcases.ArrayTest"/>
  <testcase name="ShowExceldata" time="0.000" classname="com.sp.qa.testcases.ArrayTest"/>
  <testcase name="ShowExceldata" time="0.000" classname="com.sp.qa.testcases.ArrayTest"/>
  <testcase name="ShowExceldata" time="0.000" classname="com.sp.qa.testcases.ArrayTest"/>
  <testcase name="ShowExceldata" time="0.000" classname="com.sp.qa.testcases.ArrayTest"/>
  <testcase name="ShowExceldata" time="0.000" classname="com.sp.qa.testcases.ArrayTest"/>
  <testcase name="ShowExceldata" time="0.000" classname="com.sp.qa.testcases.ArrayTest"/>
  <testcase name="ShowExceldata" time="0.000" classname="com.sp.qa.testcases.ArrayTest"/>
  <testcase name="ShowExceldata" time="0.000" classname="com.sp.qa.testcases.ArrayTest"/>
  <testcase name="ShowExceldata" time="0.000" classname="com.sp.qa.testcases.ArrayTest"/>
  <testcase name="ShowExceldata" time="0.016" classname="com.sp.qa.testcases.ArrayTest"/>
  <testcase name="ShowExceldata" time="0.015" classname="com.sp.qa.testcases.ArrayTest"/>
  <testcase name="ShowExceldata" time="0.000" classname="com.sp.qa.testcases.ArrayTest"/>
  <testcase name="ShowExceldata" time="0.000" classname="com.sp.qa.testcases.ArrayTest"/>
  <testcase name="ShowExceldata" time="0.000" classname="com.sp.qa.testcases.ArrayTest"/>
  <testcase name="ShowExceldata" time="0.015" classname="com.sp.qa.testcases.ArrayTest"/>
  <testcase name="ShowExceldata" time="0.000" classname="com.sp.qa.testcases.ArrayTest"/>
  <testcase name="ShowExceldata" time="0.000" classname="com.sp.qa.testcases.ArrayTest"/>
  <testcase name="ShowExceldata" time="0.000" classname="com.sp.qa.testcases.ArrayTest"/>
  <testcase name="ShowExceldata" time="0.000" classname="com.sp.qa.testcases.ArrayTest"/>
  <testcase name="ShowExceldata" time="0.000" classname="com.sp.qa.testcases.ArrayTest"/>
  <testcase name="ShowExceldata" time="0.000" classname="com.sp.qa.testcases.ArrayTest"/>
  <testcase name="ShowExceldata" time="0.016" classname="com.sp.qa.testcases.ArrayTest"/>
  <testcase name="ShowExceldata" time="0.016" classname="com.sp.qa.testcases.ArrayTest"/>
  <testcase name="ShowExceldata" time="0.000" classname="com.sp.qa.testcases.ArrayTest"/>
  <testcase name="ShowExceldata" time="0.000" classname="com.sp.qa.testcases.ArrayTest"/>
  <testcase name="ShowExceldata" time="0.000" classname="com.sp.qa.testcases.ArrayTest"/>
  <testcase name="ShowExceldata" time="0.000" classname="com.sp.qa.testcases.ArrayTest"/>
  <testcase name="ShowExceldata" time="0.000" classname="com.sp.qa.testcases.ArrayTest"/>
  <testcase name="ShowExceldata" time="0.000" classname="com.sp.qa.testcases.ArrayTest"/>
  <testcase name="ShowExceldata" time="0.000" classname="com.sp.qa.testcases.ArrayTest"/>
  <testcase name="ShowExceldata" time="0.000" classname="com.sp.qa.testcases.ArrayTest"/>
  <testcase name="ShowExceldata" time="0.000" classname="com.sp.qa.testcases.ArrayTest"/>
  <testcase name="ShowExceldata" time="0.000" classname="com.sp.qa.testcases.ArrayTest"/>
  <testcase name="ShowExceldata" time="0.000" classname="com.sp.qa.testcases.ArrayTest"/>
  <testcase name="ShowExceldata" time="0.000" classname="com.sp.qa.testcases.ArrayTest"/>
  <testcase name="ShowExceldata" time="0.000" classname="com.sp.qa.testcases.ArrayTest"/>
  <testcase name="ShowExceldata" time="0.000" classname="com.sp.qa.testcases.ArrayTest"/>
  <testcase name="ShowExceldata" time="0.000" classname="com.sp.qa.testcases.ArrayTest"/>
  <testcase name="ShowExceldata" time="0.000" classname="com.sp.qa.testcases.ArrayTest"/>
  <testcase name="ShowExceldata" time="0.000" classname="com.sp.qa.testcases.ArrayTest"/>
  <testcase name="ShowExceldata" time="0.000" classname="com.sp.qa.testcases.ArrayTest"/>
  <testcase name="ShowExceldata" time="0.000" classname="com.sp.qa.testcases.ArrayTest"/>
  <testcase name="ShowExceldata" time="0.000" classname="com.sp.qa.testcases.ArrayTest"/>
  <testcase name="ShowExceldata" time="0.000" classname="com.sp.qa.testcases.ArrayTest"/>
  <testcase name="ShowExceldata" time="0.000" classname="com.sp.qa.testcases.ArrayTest"/>
  <testcase name="ShowExceldata" time="0.000" classname="com.sp.qa.testcases.ArrayTest"/>
  <testcase name="ShowExceldata" time="0.000" classname="com.sp.qa.testcases.ArrayTest"/>
  <testcase name="ShowExceldata" time="0.000" classname="com.sp.qa.testcases.ArrayTest"/>
  <testcase name="ShowExceldata" time="0.047" classname="com.sp.qa.testcases.ArrayTest"/>
  <testcase name="ShowExceldata" time="0.015" classname="com.sp.qa.testcases.ArrayTest"/>
  <testcase name="ShowExceldata" time="0.000" classname="com.sp.qa.testcases.ArrayTest"/>
  <testcase name="ShowExceldata" time="0.000" classname="com.sp.qa.testcases.ArrayTest"/>
  <testcase name="ShowExceldata" time="0.000" classname="com.sp.qa.testcases.ArrayTest"/>
  <testcase name="ShowExceldata" time="0.000" classname="com.sp.qa.testcases.ArrayTest"/>
  <testcase name="ShowExceldata" time="0.000" classname="com.sp.qa.testcases.ArrayTest"/>
  <testcase name="ShowExceldata" time="0.000" classname="com.sp.qa.testcases.ArrayTest"/>
  <testcase name="ShowExceldata" time="0.000" classname="com.sp.qa.testcases.ArrayTest"/>
  <testcase name="ShowExceldata" time="0.000" classname="com.sp.qa.testcases.ArrayTest"/>
  <testcase name="ShowExceldata" time="0.000" classname="com.sp.qa.testcases.ArrayTest"/>
  <testcase name="ShowExceldata" time="0.000" classname="com.sp.qa.testcases.ArrayTest"/>
  <testcase name="ShowExceldata" time="0.000" classname="com.sp.qa.testcases.ArrayTest"/>
  <testcase name="ShowExceldata" time="0.000" classname="com.sp.qa.testcases.ArrayTest"/>
  <testcase name="ShowExceldata" time="0.000" classname="com.sp.qa.testcases.ArrayTest"/>
  <testcase name="ShowExceldata" time="0.000" classname="com.sp.qa.testcases.ArrayTest"/>
  <testcase name="ShowExceldata" time="0.000" classname="com.sp.qa.testcases.ArrayTest"/>
  <testcase name="ShowExceldata" time="0.016" classname="com.sp.qa.testcases.ArrayTest"/>
  <testcase name="ShowExceldata" time="0.000" classname="com.sp.qa.testcases.ArrayTest"/>
  <testcase name="ShowExceldata" time="0.000" classname="com.sp.qa.testcases.ArrayTest"/>
  <testcase name="ShowExceldata" time="0.000" classname="com.sp.qa.testcases.ArrayTest"/>
  <testcase name="ShowExceldata" time="0.000" classname="com.sp.qa.testcases.ArrayTest"/>
  <testcase name="ShowExceldata" time="0.000" classname="com.sp.qa.testcases.ArrayTest"/>
  <testcase name="ShowExceldata" time="0.000" classname="com.sp.qa.testcases.ArrayTest"/>
  <testcase name="ShowExceldata" time="0.000" classname="com.sp.qa.testcases.ArrayTest"/>
  <testcase name="ShowExceldata" time="0.000" classname="com.sp.qa.testcases.ArrayTest"/>
  <testcase name="ShowExceldata" time="0.000" classname="com.sp.qa.testcases.ArrayTest"/>
  <testcase name="ShowExceldata" time="0.000" classname="com.sp.qa.testcases.ArrayTest"/>
  <testcase name="ShowExceldata" time="0.000" classname="com.sp.qa.testcases.ArrayTest"/>
  <testcase name="ShowExceldata" time="0.000" classname="com.sp.qa.testcases.ArrayTest"/>
  <testcase name="ShowExceldata" time="0.000" classname="com.sp.qa.testcases.ArrayTest"/>
  <testcase name="ShowExceldata" time="0.000" classname="com.sp.qa.testcases.ArrayTest"/>
  <testcase name="ShowExceldata" time="0.015" classname="com.sp.qa.testcases.ArrayTest"/>
  <testcase name="ShowExceldata" time="0.000" classname="com.sp.qa.testcases.ArrayTest"/>
  <testcase name="ShowExceldata" time="0.000" classname="com.sp.qa.testcases.ArrayTest"/>
  <testcase name="ShowExceldata" time="0.000" classname="com.sp.qa.testcases.ArrayTest"/>
  <testcase name="ShowExceldata" time="0.000" classname="com.sp.qa.testcases.ArrayTest"/>
  <testcase name="ShowExceldata" time="0.000" classname="com.sp.qa.testcases.ArrayTest"/>
  <testcase name="ShowExceldata" time="0.015" classname="com.sp.qa.testcases.ArrayTest"/>
  <testcase name="ShowExceldata" time="0.000" classname="com.sp.qa.testcases.ArrayTest"/>
  <testcase name="ShowExceldata" time="0.000" classname="com.sp.qa.testcases.ArrayTest"/>
  <testcase name="ShowExceldata" time="0.000" classname="com.sp.qa.testcases.ArrayTest"/>
  <testcase name="ShowExceldata" time="0.000" classname="com.sp.qa.testcases.ArrayTest"/>
  <testcase name="ShowExceldata" time="0.000" classname="com.sp.qa.testcases.ArrayTest"/>
  <testcase name="ShowExceldata" time="0.000" classname="com.sp.qa.testcases.ArrayTest"/>
  <testcase name="ShowExceldata" time="0.000" classname="com.sp.qa.testcases.ArrayTest"/>
  <testcase name="ShowExceldata" time="0.000" classname="com.sp.qa.testcases.ArrayTest"/>
  <testcase name="ShowExceldata" time="0.000" classname="com.sp.qa.testcases.ArrayTest"/>
  <testcase name="ShowExceldata" time="0.000" classname="com.sp.qa.testcases.ArrayTest"/>
  <testcase name="ShowExceldata" time="0.000" classname="com.sp.qa.testcases.ArrayTest"/>
  <testcase name="ShowExceldata" time="0.000" classname="com.sp.qa.testcases.ArrayTest"/>
  <testcase name="ShowExceldata" time="0.000" classname="com.sp.qa.testcases.ArrayTest"/>
  <testcase name="ShowExceldata" time="0.000" classname="com.sp.qa.testcases.ArrayTest"/>
  <testcase name="ShowExceldata" time="0.000" classname="com.sp.qa.testcases.ArrayTest"/>
  <testcase name="ShowExceldata" time="0.000" classname="com.sp.qa.testcases.ArrayTest"/>
  <testcase name="ShowExceldata" time="0.000" classname="com.sp.qa.testcases.ArrayTest"/>
  <testcase name="ShowExceldata" time="0.000" classname="com.sp.qa.testcases.ArrayTest"/>
  <testcase name="ShowExceldata" time="0.000" classname="com.sp.qa.testcases.ArrayTest"/>
  <testcase name="ShowExceldata" time="0.000" classname="com.sp.qa.testcases.ArrayTest"/>
</testsuite> <!-- com.sp.qa.testcases.ArrayTest -->
