<?xml version="1.0" encoding="UTF-8"?>
<!-- Generated by org.testng.reporters.JUnitReportReporter -->
<testsuite skipped="0" hostname="L-PB2KH29" name="com.sp.qa.testcases.tEST" tests="1" failures="0" timestamp="21 Feb 2018 16:56:33 GMT" time="1.170" errors="0">
  <testcase name="showcontractno" time="1.170" classname="com.sp.qa.testcases.tEST"/>
</testsuite> <!-- com.sp.qa.testcases.tEST -->
