<?xml version="1.0" encoding="UTF-8"?>
<!-- Generated by org.testng.reporters.JUnitReportReporter -->
<testsuite skipped="0" hostname="L-PB2KH29" name="com.sp.qa.testcases.WBWCompnayPageTest" tests="1" failures="0" timestamp="20 Feb 2018 17:21:48 GMT" time="116.817" errors="0">
  <testcase name="clickWorldMarkMenu" time="116.817" classname="com.sp.qa.testcases.WBWCompnayPageTest"/>
</testsuite> <!-- com.sp.qa.testcases.WBWCompnayPageTest -->
