<?xml version="1.0" encoding="UTF-8"?>
<!-- Generated by org.testng.reporters.JUnitReportReporter -->
<testsuite skipped="0" hostname="L-PB2KH29" name="com.sp.qa.testcases.LoginPageTest" tests="2" failures="0" timestamp="22 Feb 2018 21:24:34 GMT" time="116.239" errors="0">
  <testcase name="ValidateLoginPageTitleTest" time="5.808" classname="com.sp.qa.testcases.LoginPageTest"/>
  <testcase name="ValidateloginTest" time="110.431" classname="com.sp.qa.testcases.LoginPageTest"/>
</testsuite> <!-- com.sp.qa.testcases.LoginPageTest -->
