<?xml version="1.0" encoding="UTF-8"?>
<!-- Generated by org.testng.reporters.JUnitReportReporter -->
<testsuite skipped="0" hostname="L-PB2KH29" name="com.sp.qa.testcases.WVRCompnayPageTest" tests="3" failures="0" timestamp="22 Feb 2018 02:15:39 GMT" time="391.388" errors="0">
  <testcase name="CreateNewContract" time="128.655" classname="com.sp.qa.testcases.WVRCompnayPageTest"/>
  <testcase name="EditContract" time="133.717" classname="com.sp.qa.testcases.WVRCompnayPageTest"/>
  <testcase name="ViewContract" time="129.016" classname="com.sp.qa.testcases.WVRCompnayPageTest"/>
</testsuite> <!-- com.sp.qa.testcases.WVRCompnayPageTest -->
