<?xml version="1.0" encoding="UTF-8"?>
<!-- Generated by org.testng.reporters.JUnitReportReporter -->
<testsuite skipped="0" hostname="L-PB2KH29" name="com.sp.qa.testcases.SelectCompanyPageTest" tests="1" failures="0" timestamp="22 Feb 2018 02:00:05 GMT" time="25.223" errors="0">
  <testcase name="ValidateMultipleCompanyNameTest" time="25.223" classname="com.sp.qa.testcases.SelectCompanyPageTest"/>
</testsuite> <!-- com.sp.qa.testcases.SelectCompanyPageTest -->
