<?xml version="1.0" encoding="UTF-8"?>
<!-- Generated by org.testng.reporters.JUnitReportReporter -->
<testsuite skipped="0" hostname="L-PB2KH29" name="com.sp.qa.testcases.WVRContratProcessLocateContractTest" tests="1" failures="0" timestamp="22 Feb 2018 02:19:35 GMT" time="179.217" errors="0">
  <testcase name="enterCRSno" time="179.217" classname="com.sp.qa.testcases.WVRContratProcessLocateContractTest"/>
</testsuite> <!-- com.sp.qa.testcases.WVRContratProcessLocateContractTest -->
