<?xml version="1.0" encoding="UTF-8"?>
<!-- Generated by org.testng.reporters.JUnitReportReporter -->
<testsuite skipped="0" hostname="L-PB2KH29" name="com.sp.qa.util.DateMonthYearSplit" tests="1" failures="0" timestamp="20 Feb 2018 20:39:29 GMT" time="0.015" errors="0">
  <testcase name="getmonthvalue" time="0.015" classname="com.sp.qa.util.DateMonthYearSplit"/>
</testsuite> <!-- com.sp.qa.util.DateMonthYearSplit -->
